<?xml version="1.0" encoding="UTF-8"?>
<!-- Generated by org.testng.reporters.JUnitReportReporter -->
<testsuite skipped="0" hostname="DESKTOP-UABV5PV" name="org.sample.FaceBook" tests="3" failures="0" timestamp="27 Nov 2021 07:26:37 GMT" time="0.026" errors="0">
  <testcase name="email" time="0.023" classname="org.sample.FaceBook"/>
  <testcase name="pass" time="0.002" classname="org.sample.FaceBook"/>
  <testcase name="login" time="0.001" classname="org.sample.FaceBook"/>
</testsuite> <!-- org.sample.FaceBook -->
