<?xml version="1.0" encoding="UTF-8"?>
<!-- Generated by org.testng.reporters.JUnitReportReporter -->
<testsuite skipped="0" hostname="DESKTOP-UABV5PV" name="org.sample.ClassC" tests="2" failures="0" timestamp="30 Nov 2021 07:14:56 GMT" time="0.004" errors="0">
  <testcase name="tc333" time="0.001" classname="org.sample.ClassC"/>
  <testcase name="tc222" time="0.003" classname="org.sample.ClassC"/>
</testsuite> <!-- org.sample.ClassC -->
