<?xml version="1.0" encoding="UTF-8"?>
<!-- Generated by org.testng.reporters.JUnitReportReporter -->
<testsuite skipped="0" hostname="DESKTOP-UABV5PV" name="org.sample.ClassB" tests="3" failures="0" timestamp="30 Nov 2021 07:14:56 GMT" time="0.038" errors="0">
  <testcase name="tc22" time="0.004" classname="org.sample.ClassB"/>
  <testcase name="tc33" time="0.015" classname="org.sample.ClassB"/>
  <testcase name="tc11" time="0.019" classname="org.sample.ClassB"/>
</testsuite> <!-- org.sample.ClassB -->
